2018/04/18 14:42:59 [notice] 4628#7064: signal process started
2018/04/18 14:43:31 [notice] 4504#9416: signal process started
2018/04/18 14:43:31 [error] 4504#9416: CreateFile() "D:\docToPdf\nginx/logs/nginx.pid" failed (2: The system cannot find the file specified)
2018/04/18 14:43:48 [notice] 10196#8316: signal process started
2018/04/18 14:43:53 [notice] 6576#9312: signal process started
2018/04/18 14:44:39 [notice] 8432#7600: signal process started
2018/04/18 14:44:39 [error] 8432#7600: CreateFile() "D:\docToPdf\nginx/logs/nginx.pid" failed (2: The system cannot find the file specified)
2018/04/18 14:45:03 [notice] 4168#7252: signal process started
2018/04/18 14:45:34 [notice] 4572#5496: signal process started
2018/04/18 14:45:34 [error] 4572#5496: CreateFile() "D:\docToPdf\nginx/logs/nginx.pid" failed (2: The system cannot find the file specified)
2018/04/18 14:45:41 [notice] 8588#3980: signal process started
2018/04/18 14:52:16 [notice] 10124#1912: signal process started
2018/04/18 15:12:11 [notice] 9740#6156: signal process started
2018/04/18 15:13:05 [notice] 5792#5552: signal process started
2018/04/18 15:14:01 [notice] 5640#2128: signal process started
2018/04/18 15:14:01 [error] 5640#2128: CreateFile() "D:\docToPdf\nginx/logs/nginx.pid" failed (2: The system cannot find the file specified)
2018/04/18 15:15:22 [notice] 7556#9528: signal process started
2018/04/18 15:20:59 [notice] 11116#11048: signal process started
2018/04/18 15:22:27 [notice] 4700#8436: signal process started
2018/04/18 15:22:27 [error] 4700#8436: OpenEvent("Global\ngx_stop_11176") failed (2: The system cannot find the file specified)
2018/04/18 15:48:22 [emerg] 11112#5456: invalid URL prefix in D:\docToPdf\nginx/conf/nginx.conf:43
2018/04/18 15:48:46 [emerg] 1228#7784: invalid URL prefix in D:\docToPdf\nginx/conf/nginx.conf:43
2018/04/18 15:50:27 [emerg] 6396#4728: invalid URL prefix in D:\docToPdf\nginx/conf/nginx.conf:43
2018/04/18 15:50:55 [emerg] 8316#5988: invalid URL prefix in D:\docToPdf\nginx/conf/nginx.conf:43
2018/04/18 15:53:58 [emerg] 10360#7776: invalid URL prefix in D:\docToPdf\nginx/conf/nginx.conf:43
2018/04/18 15:56:13 [emerg] 5252#2468: invalid URL prefix in D:\docToPdf\nginx/conf/nginx.conf:43
2018/04/18 15:56:18 [emerg] 7796#1680: invalid URL prefix in D:\docToPdf\nginx/conf/nginx.conf:43
2018/04/18 15:57:12 [emerg] 4308#8844: "proxy_pass" directive is duplicate in D:\docToPdf\nginx/conf/nginx.conf:44
2018/04/18 15:59:18 [emerg] 3128#4272: "proxy_pass" directive is duplicate in D:\docToPdf\nginx/conf/nginx.conf:45
2018/04/18 15:59:57 [emerg] 8472#7856: "proxy_pass" directive is duplicate in D:\docToPdf\nginx/conf/nginx.conf:45
2018/04/18 16:00:56 [emerg] 10932#11236: "proxy_pass" directive is duplicate in D:\docToPdf\nginx/conf/nginx.conf:45
2018/04/18 16:01:11 [emerg] 5556#10204: "proxy_pass" directive is duplicate in D:\docToPdf\nginx/conf/nginx.conf:45
2018/04/18 16:02:09 [emerg] 11024#10776: "proxy_pass" directive is duplicate in D:\docToPdf\nginx/conf/nginx.conf:45
2018/04/18 16:02:27 [emerg] 11256#7472: "proxy_pass" directive is duplicate in D:\docToPdf\nginx/conf/nginx.conf:45
2018/04/18 16:03:09 [emerg] 10936#5552: "proxy_pass" directive is duplicate in D:\docToPdf\nginx/conf/nginx.conf:45
2018/04/18 16:07:09 [error] 1624#9528: *1 upstream timed out (10060: A connection attempt failed because the connected party did not properly respond after a period of time, or established connection failed because connected host has failed to respond) while connecting to upstream, client: 127.0.0.1, server: localhost, request: "GET /api/v1/93c82b8c-42b4-11e8-9b6f-183da2ed0656 HTTP/1.1", upstream: "http://127.0.0.1:8080/api/v1/93c82b8c-42b4-11e8-9b6f-183da2ed0656", host: "localhost"
2018/04/18 16:08:09 [error] 1624#9528: *1 upstream timed out (10060: A connection attempt failed because the connected party did not properly respond after a period of time, or established connection failed because connected host has failed to respond) while connecting to upstream, client: 127.0.0.1, server: localhost, request: "GET /api/v1/93c82b8c-42b4-11e8-9b6f-183da2ed0656 HTTP/1.1", upstream: "http://127.0.0.1:8081/api/v1/93c82b8c-42b4-11e8-9b6f-183da2ed0656", host: "localhost"
